<?xml version="1.0" encoding="UTF-8"?>
<testng-results ignored="0" total="1" passed="1" failed="0" skipped="0">
  <reporter-output>
  </reporter-output>
  <suite started-at="2024-08-23T20:49:36 IST" name="Surefire suite" finished-at="2024-08-23T20:49:36 IST" duration-ms="16">
    <groups>
    </groups>
    <test started-at="2024-08-23T20:49:36 IST" name="Surefire test" finished-at="2024-08-23T20:49:36 IST" duration-ms="16">
      <class name="Second_Project_OrengeHRM.Second_Project_OrengeHRM.AppTest">
        <test-method signature="testApp()[pri:0, instance:testApp(Second_Project_OrengeHRM.Second_Project_OrengeHRM.AppTest)]" started-at="2024-08-23T20:49:36 IST" name="testApp" finished-at="2024-08-23T20:49:36 IST" duration-ms="0" status="PASS">
          <reporter-output>
          </reporter-output>
        </test-method> <!-- testApp -->
      </class> <!-- Second_Project_OrengeHRM.Second_Project_OrengeHRM.AppTest -->
    </test> <!-- Surefire test -->
  </suite> <!-- Surefire suite -->
</testng-results>
