<?xml version="1.0" encoding="UTF-8"?>
<!-- Generated by org.testng.reporters.JUnitXMLReporter -->
<testsuite ignored="0" hostname="Ankita-PC" failures="0" tests="4" name="Default test" time="21.603" errors="0" timestamp="2024-08-23T20:53:52 IST">
  <testcase classname="Second_Project_OrengeHRM.Second_Project_OrengeHRM.EmpActionTest" name="loginTest" time="1.582"/>
  <testcase classname="Second_Project_OrengeHRM.Second_Project_OrengeHRM.EmpActionTest" name="testAddEmp" time="8.255"/>
  <testcase classname="Second_Project_OrengeHRM.Second_Project_OrengeHRM.EmpActionTest" name="testDeleteEmpRecord" time="6.377"/>
  <testcase classname="Second_Project_OrengeHRM.Second_Project_OrengeHRM.EmpActionTest" name="testSerachEmp" time="1.27"/>
</testsuite> <!-- Default test -->
