<?xml version="1.0" encoding="UTF-8"?>
<testng-results ignored="0" total="1" passed="1" failed="0" skipped="0">
  <reporter-output>
  </reporter-output>
  <suite started-at="2024-08-24T01:36:27 IST" name="Default suite" finished-at="2024-08-24T01:36:34 IST" duration-ms="7134">
    <groups>
    </groups>
    <test started-at="2024-08-24T01:36:27 IST" name="Default test" finished-at="2024-08-24T01:36:34 IST" duration-ms="7134">
      <class name="Second_Project_OrengeHRM.Second_Project_OrengeHRM.LoginTest">
        <test-method is-config="true" signature="setup()[pri:0, instance:Second_Project_OrengeHRM.Second_Project_OrengeHRM.LoginTest@7c37508a]" started-at="2024-08-24T01:36:27 IST" name="setup" finished-at="2024-08-24T01:36:32 IST" duration-ms="5341" status="PASS">
          <reporter-output>
          </reporter-output>
        </test-method> <!-- setup -->
        <test-method signature="testLogin()[pri:1, instance:Second_Project_OrengeHRM.Second_Project_OrengeHRM.LoginTest@7c37508a]" started-at="2024-08-24T01:36:32 IST" name="testLogin" finished-at="2024-08-24T01:36:34 IST" duration-ms="1379" status="PASS">
          <reporter-output>
          </reporter-output>
        </test-method> <!-- testLogin -->
        <test-method is-config="true" signature="tearDown()[pri:0, instance:Second_Project_OrengeHRM.Second_Project_OrengeHRM.LoginTest@7c37508a]" started-at="2024-08-24T01:36:34 IST" name="tearDown" finished-at="2024-08-24T01:36:34 IST" duration-ms="358" status="PASS">
          <reporter-output>
          </reporter-output>
        </test-method> <!-- tearDown -->
      </class> <!-- Second_Project_OrengeHRM.Second_Project_OrengeHRM.LoginTest -->
    </test> <!-- Default test -->
  </suite> <!-- Default suite -->
</testng-results>
